OpenCVLibrary341/build/intermediates/manifest_merge_blame_file/debug/manifest-merger-blame-debug-report.txt
1<?xml version="1.0" encoding="utf-8"?>
2<manifest xmlns:android="http://schemas.android.com/apk/res/android"
3    package="org.opencv"
4    android:versionCode="3410"
5    android:versionName="3.4.1" >
6
7    <uses-sdk android:targetSdkVersion="28" />
7-->OpenCVLibrary341\java\AndroidManifest.xml:7:5-47
7-->OpenCVLibrary341\java\AndroidManifest.xml:7:15-44
8
9</manifest>